<?xml version="1.0" encoding="UTF-8"?>
<coverage generated="1772259011303" clover="3.2.0">
  <project timestamp="1772259011303" name="All files">
    <metrics statements="260" coveredstatements="205" conditionals="121" coveredconditionals="64" methods="82" coveredmethods="66" elements="463" coveredelements="335" complexity="0" loc="260" ncloc="260" packages="4" files="4" classes="4"/>
    <package name="api.location">
      <metrics statements="10" coveredstatements="9" conditionals="2" coveredconditionals="1" methods="2" coveredmethods="1"/>
      <file name="GeocodeApi.ts" path="/home/juru/workspace/project/praydo/src/lib/api/location/GeocodeApi.ts">
        <metrics statements="10" coveredstatements="9" conditionals="2" coveredconditionals="1" methods="2" coveredmethods="1"/>
        <line num="3" count="1" type="stmt"/>
        <line num="5" count="1" type="stmt"/>
        <line num="6" count="3" type="stmt"/>
        <line num="8" count="3" type="stmt"/>
        <line num="14" count="3" type="stmt"/>
        <line num="15" count="3" type="stmt"/>
        <line num="23" count="2" type="stmt"/>
        <line num="25" count="1" type="stmt"/>
        <line num="27" count="1" type="stmt"/>
        <line num="31" count="0" type="stmt"/>
      </file>
    </package>
    <package name="logic">
      <metrics statements="115" coveredstatements="76" conditionals="41" coveredconditionals="20" methods="35" coveredmethods="26"/>
      <file name="PrayerManager.svelte.ts" path="/home/juru/workspace/project/praydo/src/lib/logic/PrayerManager.svelte.ts">
        <metrics statements="115" coveredstatements="76" conditionals="41" coveredconditionals="20" methods="35" coveredmethods="26"/>
        <line num="15" count="8" type="stmt"/>
        <line num="16" count="8" type="stmt"/>
        <line num="22" count="8" type="stmt"/>
        <line num="23" count="0" type="stmt"/>
        <line num="24" count="0" type="stmt"/>
        <line num="25" count="0" type="stmt"/>
        <line num="26" count="0" type="stmt"/>
        <line num="31" count="8" type="cond" truecount="1" falsecount="1"/>
        <line num="37" count="1" type="stmt"/>
        <line num="38" count="1" type="stmt"/>
        <line num="39" count="1" type="stmt"/>
        <line num="41" count="1" type="stmt"/>
        <line num="42" count="28" type="stmt"/>
        <line num="43" count="28" type="stmt"/>
        <line num="44" count="28" type="stmt"/>
        <line num="46" count="1" type="stmt"/>
        <line num="51" count="6" type="cond" truecount="1" falsecount="1"/>
        <line num="52" count="0" type="stmt"/>
        <line num="53" count="0" type="stmt"/>
        <line num="60" count="6" type="stmt"/>
        <line num="63" count="6" type="stmt"/>
        <line num="68" count="6" type="stmt"/>
        <line num="69" count="6" type="stmt"/>
        <line num="75" count="6" type="stmt"/>
        <line num="81" count="1" type="stmt"/>
        <line num="87" count="1" type="stmt"/>
        <line num="90" count="8" type="stmt"/>
        <line num="91" count="0" type="stmt"/>
        <line num="97" count="0" type="stmt"/>
        <line num="103" count="0" type="stmt"/>
        <line num="106" count="2" type="stmt"/>
        <line num="110" count="8" type="stmt"/>
        <line num="111" count="0" type="stmt"/>
        <line num="112" count="0" type="stmt"/>
        <line num="114" count="0" type="stmt"/>
        <line num="115" count="0" type="stmt"/>
        <line num="117" count="0" type="stmt"/>
        <line num="119" count="0" type="stmt"/>
        <line num="120" count="0" type="stmt"/>
        <line num="123" count="0" type="stmt"/>
        <line num="124" count="0" type="stmt"/>
        <line num="126" count="0" type="stmt"/>
        <line num="131" count="8" type="stmt"/>
        <line num="132" count="5" type="stmt"/>
        <line num="135" count="8" type="stmt"/>
        <line num="136" count="5" type="stmt"/>
        <line num="139" count="8" type="stmt"/>
        <line num="140" count="0" type="stmt"/>
        <line num="141" count="0" type="stmt"/>
        <line num="142" count="0" type="stmt"/>
        <line num="146" count="8" type="stmt"/>
        <line num="147" count="4" type="stmt"/>
        <line num="148" count="4" type="stmt"/>
        <line num="151" count="8" type="stmt"/>
        <line num="152" count="2" type="stmt"/>
        <line num="155" count="2" type="stmt"/>
        <line num="156" count="9" type="stmt"/>
        <line num="157" count="9" type="cond" truecount="2" falsecount="0"/>
        <line num="158" count="2" type="stmt"/>
        <line num="163" count="0" type="stmt"/>
        <line num="164" count="0" type="cond" truecount="0" falsecount="2"/>
        <line num="165" count="0" type="stmt"/>
        <line num="166" count="0" type="stmt"/>
        <line num="167" count="0" type="stmt"/>
        <line num="168" count="0" type="stmt"/>
        <line num="171" count="0" type="stmt"/>
        <line num="174" count="8" type="stmt"/>
        <line num="175" count="1" type="cond" truecount="1" falsecount="1"/>
        <line num="177" count="1" type="stmt"/>
        <line num="178" count="1" type="cond" truecount="1" falsecount="1"/>
        <line num="180" count="1" type="stmt"/>
        <line num="181" count="1" type="stmt"/>
        <line num="182" count="1" type="stmt"/>
        <line num="184" count="1" type="stmt"/>
        <line num="190" count="4" type="stmt"/>
        <line num="191" count="4" type="stmt"/>
        <line num="192" count="24" type="stmt"/>
        <line num="197" count="24" type="stmt"/>
        <line num="201" count="23" type="stmt"/>
        <line num="202" count="0" type="cond" truecount="1" falsecount="1"/>
        <line num="204" count="23" type="stmt"/>
        <line num="205" count="23" type="stmt"/>
        <line num="207" count="23" type="cond" truecount="2" falsecount="2"/>
        <line num="208" count="23" type="cond" truecount="2" falsecount="2"/>
        <line num="210" count="23" type="stmt"/>
        <line num="211" count="23" type="stmt"/>
        <line num="217" count="2" type="stmt"/>
        <line num="218" count="12" type="stmt"/>
        <line num="221" count="12" type="stmt"/>
        <line num="222" count="12" type="cond" truecount="1" falsecount="1"/>
        <line num="223" count="0" type="stmt"/>
        <line num="227" count="12" type="cond" truecount="2" falsecount="0"/>
        <line num="228" count="2" type="stmt"/>
        <line num="237" count="24" type="stmt"/>
        <line num="238" count="24" type="stmt"/>
        <line num="239" count="24" type="stmt"/>
        <line num="241" count="24" type="cond" truecount="2" falsecount="0"/>
        <line num="245" count="0" type="cond" truecount="0" falsecount="3"/>
        <line num="254" count="0" type="cond" truecount="0" falsecount="2"/>
        <line num="255" count="0" type="stmt"/>
        <line num="260" count="0" type="stmt"/>
        <line num="264" count="2" type="cond" truecount="1" falsecount="1"/>
        <line num="265" count="2" type="stmt"/>
        <line num="272" count="2" type="stmt"/>
        <line num="273" count="2" type="stmt"/>
        <line num="275" count="2" type="cond" truecount="1" falsecount="1"/>
        <line num="276" count="2" type="cond" truecount="1" falsecount="1"/>
        <line num="277" count="2" type="stmt"/>
        <line num="279" count="0" type="stmt"/>
        <line num="282" count="0" type="stmt"/>
        <line num="287" count="2" type="stmt"/>
        <line num="288" count="2" type="cond" truecount="1" falsecount="1"/>
        <line num="289" count="0" type="stmt"/>
        <line num="290" count="0" type="stmt"/>
        <line num="292" count="2" type="stmt"/>
      </file>
    </package>
    <package name="praytime">
      <metrics statements="130" coveredstatements="115" conditionals="76" coveredconditionals="42" methods="42" coveredmethods="36"/>
      <file name="index.ts" path="/home/juru/workspace/project/praydo/src/lib/praytime/index.ts">
        <metrics statements="130" coveredstatements="115" conditionals="76" coveredconditionals="42" methods="42" coveredmethods="36"/>
        <line num="103" count="9" type="stmt"/>
        <line num="104" count="9" type="stmt"/>
        <line num="105" count="9" type="stmt"/>
        <line num="108" count="9" type="stmt"/>
        <line num="124" count="9" type="stmt"/>
        <line num="137" count="9" type="stmt"/>
        <line num="148" count="9" type="cond" truecount="2" falsecount="0"/>
        <line num="155" count="9" type="stmt"/>
        <line num="174" count="6" type="stmt"/>
        <line num="199" count="6" type="stmt"/>
        <line num="223" count="0" type="stmt"/>
        <line num="228" count="0" type="stmt"/>
        <line num="233" count="0" type="stmt"/>
        <line num="238" count="6" type="stmt"/>
        <line num="243" count="42" type="stmt"/>
        <line num="244" count="42" type="stmt"/>
        <line num="249" count="3" type="stmt"/>
        <line num="250" count="3" type="stmt"/>
        <line num="255" count="0" type="stmt"/>
        <line num="264" count="33" type="cond" truecount="1" falsecount="1"/>
        <line num="265" count="0" type="cond" truecount="0" falsecount="2"/>
        <line num="266" count="33" type="cond" truecount="1" falsecount="1"/>
        <line num="267" count="33" type="stmt"/>
        <line num="268" count="33" type="stmt"/>
        <line num="270" count="33" type="stmt"/>
        <line num="271" count="33" type="stmt"/>
        <line num="272" count="33" type="stmt"/>
        <line num="315" count="33" type="cond" truecount="1" falsecount="1"/>
        <line num="317" count="0" type="cond" truecount="0" falsecount="2"/>
        <line num="318" count="33" type="stmt"/>
        <line num="319" count="33" type="stmt"/>
        <line num="326" count="0" type="stmt"/>
        <line num="334" count="33" type="stmt"/>
        <line num="336" count="33" type="stmt"/>
        <line num="347" count="33" type="stmt"/>
        <line num="348" count="33" type="stmt"/>
        <line num="350" count="33" type="stmt"/>
        <line num="351" count="33" type="stmt"/>
        <line num="352" count="33" type="stmt"/>
        <line num="353" count="33" type="stmt"/>
        <line num="354" count="33" type="stmt"/>
        <line num="359" count="33" type="stmt"/>
        <line num="360" count="33" type="stmt"/>
        <line num="362" count="33" type="stmt"/>
        <line num="376" count="33" type="stmt"/>
        <line num="378" count="33" type="cond" truecount="3" falsecount="1"/>
        <line num="379" count="33" type="stmt"/>
        <line num="380" count="33" type="cond" truecount="3" falsecount="1"/>
        <line num="381" count="0" type="stmt"/>
        <line num="382" count="33" type="cond" truecount="2" falsecount="2"/>
        <line num="383" count="0" type="stmt"/>
        <line num="384" count="0" type="stmt"/>
        <line num="387" count="33" type="stmt"/>
        <line num="392" count="33" type="stmt"/>
        <line num="393" count="33" type="stmt"/>
        <line num="394" count="264" type="cond" truecount="1" falsecount="1"/>
        <line num="395" count="0" type="stmt"/>
        <line num="402" count="33" type="stmt"/>
        <line num="403" count="33" type="stmt"/>
        <line num="404" count="264" type="stmt"/>
        <line num="405" count="264" type="stmt"/>
        <line num="406" count="264" type="stmt"/>
        <line num="412" count="264" type="stmt"/>
        <line num="413" count="264" type="stmt"/>
        <line num="420" count="264" type="cond" truecount="1" falsecount="1"/>
        <line num="422" count="264" type="stmt"/>
        <line num="423" count="264" type="stmt"/>
        <line num="434" count="495" type="cond" truecount="2" falsecount="0"/>
        <line num="435" count="297" type="stmt"/>
        <line num="438" count="198" type="stmt"/>
        <line num="440" count="198" type="stmt"/>
        <line num="442" count="198" type="stmt"/>
        <line num="443" count="198" type="stmt"/>
        <line num="444" count="198" type="stmt"/>
        <line num="445" count="198" type="stmt"/>
        <line num="446" count="198" type="stmt"/>
        <line num="451" count="198" type="stmt"/>
        <line num="457" count="198" type="stmt"/>
        <line num="458" count="198" type="stmt"/>
        <line num="463" count="264" type="stmt"/>
        <line num="464" count="264" type="stmt"/>
        <line num="465" count="264" type="stmt"/>
        <line num="474" count="198" type="stmt"/>
        <line num="475" count="198" type="stmt"/>
        <line num="477" count="198" type="stmt"/>
        <line num="478" count="198" type="stmt"/>
        <line num="479" count="198" type="stmt"/>
        <line num="485" count="33" type="cond" truecount="1" falsecount="1"/>
        <line num="486" count="33" type="stmt"/>
        <line num="487" count="33" type="stmt"/>
        <line num="488" count="33" type="stmt"/>
        <line num="495" count="33" type="stmt"/>
        <line num="496" count="33" type="cond" truecount="1" falsecount="1"/>
        <line num="498" count="33" type="stmt"/>
        <line num="499" count="33" type="stmt"/>
        <line num="501" count="33" type="stmt"/>
        <line num="527" count="99" type="stmt"/>
        <line num="533" count="99" type="stmt"/>
        <line num="534" count="99" type="stmt"/>
        <line num="535" count="99" type="cond" truecount="3" falsecount="1"/>
        <line num="536" count="0" type="stmt"/>
        <line num="537" count="0" type="stmt"/>
        <line num="539" count="99" type="stmt"/>
        <line num="546" count="33" type="stmt"/>
        <line num="547" count="264" type="stmt"/>
        <line num="553" count="264" type="stmt"/>
        <line num="554" count="264" type="stmt"/>
        <line num="555" count="264" type="cond" truecount="1" falsecount="1"/>
        <line num="556" count="264" type="cond" truecount="1" falsecount="1"/>
        <line num="557" count="264" type="cond" truecount="1" falsecount="1"/>
        <line num="558" count="0" type="cond" truecount="0" falsecount="2"/>
        <line num="559" count="264" type="stmt"/>
        <line num="564" count="264" type="stmt"/>
        <line num="565" count="264" type="stmt"/>
        <line num="568" count="264" type="stmt"/>
        <line num="574" count="264" type="cond" truecount="1" falsecount="1"/>
        <line num="581" count="561" type="stmt"/>
        <line num="586" count="66" type="stmt"/>
        <line num="591" count="1056" type="stmt"/>
        <line num="596" count="2409" type="stmt"/>
        <line num="597" count="627" type="stmt"/>
        <line num="599" count="1584" type="stmt"/>
        <line num="600" count="792" type="stmt"/>
        <line num="601" count="33" type="stmt"/>
        <line num="603" count="198" type="stmt"/>
        <line num="604" count="198" type="stmt"/>
        <line num="605" count="0" type="stmt"/>
        <line num="607" count="33" type="stmt"/>
        <line num="608" count="198" type="stmt"/>
        <line num="609" count="198" type="stmt"/>
      </file>
    </package>
    <package name="utils">
      <metrics statements="5" coveredstatements="5" conditionals="2" coveredconditionals="1" methods="3" coveredmethods="3"/>
      <file name="stringUtils.ts" path="/home/juru/workspace/project/praydo/src/lib/utils/stringUtils.ts">
        <metrics statements="5" coveredstatements="5" conditionals="2" coveredconditionals="1" methods="3" coveredmethods="3"/>
        <line num="2" count="2" type="cond" truecount="1" falsecount="1"/>
        <line num="3" count="2" type="stmt"/>
        <line num="6" count="2" type="stmt"/>
        <line num="9" count="2" type="stmt"/>
        <line num="11" count="2" type="stmt"/>
      </file>
    </package>
  </project>
</coverage>
