{"/home/juru/workspace/project/praydo/src/lib/api/location/GeocodeApi.ts": {"path":"/home/juru/workspace/project/praydo/src/lib/api/location/GeocodeApi.ts","statementMap":{"0":{"start":{"line":3,"column":25},"end":{"line":3,"column":null}},"1":{"start":{"line":5,"column":23},"end":{"line":34,"column":null}},"2":{"start":{"line":6,"column":14},"end":{"line":6,"column":null}},"3":{"start":{"line":8,"column":17},"end":{"line":12,"column":null}},"4":{"start":{"line":14,"column":2},"end":{"line":33,"column":null}},"5":{"start":{"line":15,"column":21},"end":{"line":22,"column":null}},"6":{"start":{"line":23,"column":4},"end":{"line":23,"column":null}},"7":{"start":{"line":25,"column":4},"end":{"line":25,"column":null}},"8":{"start":{"line":27,"column":4},"end":{"line":32,"column":null}},"9":{"start":{"line":31,"column":18},"end":{"line":31,"column":null}}},"fnMap":{"0":{"name":"(anonymous_0)","decl":{"start":{"line":5,"column":23},"end":{"line":5,"column":30}},"loc":{"start":{"line":5,"column":48},"end":{"line":34,"column":null}},"line":5},"1":{"name":"(anonymous_1)","decl":{"start":{"line":31,"column":12},"end":{"line":31,"column":18}},"loc":{"start":{"line":31,"column":18},"end":{"line":31,"column":null}},"line":31}},"branchMap":{"0":{"loc":{"start":{"line":30,"column":18},"end":{"line":30,"column":null}},"type":"cond-expr","locations":[{"start":{"line":30,"column":43},"end":{"line":30,"column":59}},{"start":{"line":30,"column":59},"end":{"line":30,"column":null}}],"line":30}},"s":{"0":1,"1":1,"2":3,"3":3,"4":3,"5":3,"6":2,"7":1,"8":1,"9":0},"f":{"0":3,"1":0},"b":{"0":[1,0]},"meta":{"lastBranch":1,"lastFunction":2,"lastStatement":10,"seen":{"s:3:25:3:Infinity":0,"s:5:23:34:Infinity":1,"f:5:23:5:30":0,"s:6:14:6:Infinity":2,"s:8:17:12:Infinity":3,"s:14:2:33:Infinity":4,"s:15:21:22:Infinity":5,"s:23:4:23:Infinity":6,"s:25:4:25:Infinity":7,"s:27:4:32:Infinity":8,"b:30:43:30:59:30:59:30:Infinity":0,"f:31:12:31:18":1,"s:31:18:31:Infinity":9}}}
,"/home/juru/workspace/project/praydo/src/lib/logic/PrayerManager.svelte.ts": {"path":"/home/juru/workspace/project/praydo/src/lib/logic/PrayerManager.svelte.ts","statementMap":{"0":{"start":{"line":15,"column":4},"end":{"line":15,"column":null}},"1":{"start":{"line":16,"column":12},"end":{"line":16,"column":null}},"2":{"start":{"line":90,"column":36},"end":{"line":104,"column":null}},"3":{"start":{"line":106,"column":36},"end":{"line":106,"column":null}},"4":{"start":{"line":110,"column":39},"end":{"line":127,"column":null}},"5":{"start":{"line":131,"column":49},"end":{"line":133,"column":null}},"6":{"start":{"line":135,"column":42},"end":{"line":137,"column":null}},"7":{"start":{"line":139,"column":45},"end":{"line":143,"column":null}},"8":{"start":{"line":146,"column":39},"end":{"line":149,"column":null}},"9":{"start":{"line":151,"column":35},"end":{"line":172,"column":null}},"10":{"start":{"line":174,"column":40},"end":{"line":185,"column":null}},"11":{"start":{"line":22,"column":8},"end":{"line":27,"column":null}},"12":{"start":{"line":23,"column":18},"end":{"line":23,"column":null}},"13":{"start":{"line":24,"column":12},"end":{"line":24,"column":null}},"14":{"start":{"line":25,"column":12},"end":{"line":25,"column":null}},"15":{"start":{"line":26,"column":12},"end":{"line":26,"column":null}},"16":{"start":{"line":31,"column":12},"end":{"line":31,"column":null}},"17":{"start":{"line":31,"column":29},"end":{"line":31,"column":null}},"18":{"start":{"line":37,"column":14},"end":{"line":37,"column":null}},"19":{"start":{"line":38,"column":14},"end":{"line":38,"column":null}},"20":{"start":{"line":39,"column":19},"end":{"line":39,"column":null}},"21":{"start":{"line":41,"column":17},"end":{"line":45,"column":null}},"22":{"start":{"line":41,"column":23},"end":{"line":41,"column":26}},"23":{"start":{"line":42,"column":18},"end":{"line":42,"column":null}},"24":{"start":{"line":43,"column":26},"end":{"line":43,"column":null}},"25":{"start":{"line":44,"column":12},"end":{"line":44,"column":null}},"26":{"start":{"line":46,"column":15},"end":{"line":46,"column":null}},"27":{"start":{"line":51,"column":12},"end":{"line":61,"column":null}},"28":{"start":{"line":52,"column":12},"end":{"line":52,"column":null}},"29":{"start":{"line":53,"column":12},"end":{"line":57,"column":null}},"30":{"start":{"line":60,"column":12},"end":{"line":60,"column":null}},"31":{"start":{"line":63,"column":8},"end":{"line":65,"column":null}},"32":{"start":{"line":68,"column":8},"end":{"line":68,"column":null}},"33":{"start":{"line":69,"column":8},"end":{"line":72,"column":null}},"34":{"start":{"line":75,"column":15},"end":{"line":75,"column":null}},"35":{"start":{"line":81,"column":14},"end":{"line":85,"column":null}},"36":{"start":{"line":87,"column":15},"end":{"line":87,"column":null}},"37":{"start":{"line":91,"column":14},"end":{"line":94,"column":null}},"38":{"start":{"line":97,"column":14},"end":{"line":100,"column":null}},"39":{"start":{"line":103,"column":18},"end":{"line":103,"column":null}},"40":{"start":{"line":111,"column":21},"end":{"line":111,"column":null}},"41":{"start":{"line":112,"column":21},"end":{"line":112,"column":null}},"42":{"start":{"line":114,"column":27},"end":{"line":114,"column":null}},"43":{"start":{"line":115,"column":27},"end":{"line":115,"column":null}},"44":{"start":{"line":117,"column":21},"end":{"line":117,"column":null}},"45":{"start":{"line":119,"column":18},"end":{"line":119,"column":null}},"46":{"start":{"line":120,"column":18},"end":{"line":121,"column":null}},"47":{"start":{"line":123,"column":22},"end":{"line":123,"column":null}},"48":{"start":{"line":124,"column":8},"end":{"line":124,"column":null}},"49":{"start":{"line":126,"column":16},"end":{"line":126,"column":null}},"50":{"start":{"line":132,"column":15},"end":{"line":132,"column":null}},"51":{"start":{"line":136,"column":15},"end":{"line":136,"column":null}},"52":{"start":{"line":140,"column":14},"end":{"line":140,"column":null}},"53":{"start":{"line":141,"column":8},"end":{"line":141,"column":null}},"54":{"start":{"line":142,"column":15},"end":{"line":142,"column":null}},"55":{"start":{"line":147,"column":22},"end":{"line":147,"column":null}},"56":{"start":{"line":148,"column":15},"end":{"line":148,"column":null}},"57":{"start":{"line":152,"column":20},"end":{"line":152,"column":null}},"58":{"start":{"line":155,"column":19},"end":{"line":160,"column":null}},"59":{"start":{"line":156,"column":31},"end":{"line":156,"column":null}},"60":{"start":{"line":157,"column":16},"end":{"line":159,"column":null}},"61":{"start":{"line":158,"column":28},"end":{"line":158,"column":null}},"62":{"start":{"line":163,"column":32},"end":{"line":163,"column":null}},"63":{"start":{"line":164,"column":12},"end":{"line":169,"column":null}},"64":{"start":{"line":165,"column":32},"end":{"line":165,"column":null}},"65":{"start":{"line":166,"column":31},"end":{"line":166,"column":null}},"66":{"start":{"line":167,"column":12},"end":{"line":167,"column":null}},"67":{"start":{"line":168,"column":24},"end":{"line":168,"column":null}},"68":{"start":{"line":171,"column":15},"end":{"line":171,"column":null}},"69":{"start":{"line":175,"column":13},"end":{"line":175,"column":null}},"70":{"start":{"line":175,"column":18},"end":{"line":175,"column":null}},"71":{"start":{"line":177,"column":21},"end":{"line":177,"column":null}},"72":{"start":{"line":178,"column":12},"end":{"line":178,"column":null}},"73":{"start":{"line":178,"column":19},"end":{"line":178,"column":null}},"74":{"start":{"line":180,"column":22},"end":{"line":180,"column":null}},"75":{"start":{"line":181,"column":24},"end":{"line":181,"column":null}},"76":{"start":{"line":182,"column":24},"end":{"line":182,"column":null}},"77":{"start":{"line":184,"column":18},"end":{"line":184,"column":null}},"78":{"start":{"line":190,"column":14},"end":{"line":190,"column":null}},"79":{"start":{"line":191,"column":15},"end":{"line":197,"column":null}},"80":{"start":{"line":192,"column":17},"end":{"line":197,"column":20}},"81":{"start":{"line":197,"column":25},"end":{"line":197,"column":34}},"82":{"start":{"line":201,"column":14},"end":{"line":201,"column":null}},"83":{"start":{"line":202,"column":13},"end":{"line":202,"column":null}},"84":{"start":{"line":204,"column":33},"end":{"line":204,"column":null}},"85":{"start":{"line":205,"column":31},"end":{"line":205,"column":null}},"86":{"start":{"line":207,"column":12},"end":{"line":207,"column":null}},"87":{"start":{"line":207,"column":45},"end":{"line":207,"column":null}},"88":{"start":{"line":208,"column":12},"end":{"line":208,"column":null}},"89":{"start":{"line":208,"column":47},"end":{"line":208,"column":null}},"90":{"start":{"line":210,"column":8},"end":{"line":210,"column":null}},"91":{"start":{"line":211,"column":15},"end":{"line":211,"column":null}},"92":{"start":{"line":217,"column":19},"end":{"line":230,"column":null}},"93":{"start":{"line":218,"column":31},"end":{"line":218,"column":null}},"94":{"start":{"line":221,"column":18},"end":{"line":221,"column":null}},"95":{"start":{"line":222,"column":16},"end":{"line":224,"column":null}},"96":{"start":{"line":223,"column":22},"end":{"line":223,"column":null}},"97":{"start":{"line":227,"column":16},"end":{"line":229,"column":null}},"98":{"start":{"line":228,"column":22},"end":{"line":228,"column":null}},"99":{"start":{"line":237,"column":25},"end":{"line":237,"column":null}},"100":{"start":{"line":238,"column":28},"end":{"line":238,"column":null}},"101":{"start":{"line":239,"column":27},"end":{"line":239,"column":null}},"102":{"start":{"line":241,"column":15},"end":{"line":241,"column":null}},"103":{"start":{"line":245,"column":15},"end":{"line":247,"column":null}},"104":{"start":{"line":254,"column":18},"end":{"line":259,"column":null}},"105":{"start":{"line":255,"column":12},"end":{"line":257,"column":null}},"106":{"start":{"line":260,"column":8},"end":{"line":260,"column":null}},"107":{"start":{"line":264,"column":18},"end":{"line":269,"column":null}},"108":{"start":{"line":265,"column":13},"end":{"line":267,"column":null}},"109":{"start":{"line":272,"column":26},"end":{"line":272,"column":null}},"110":{"start":{"line":273,"column":31},"end":{"line":273,"column":null}},"111":{"start":{"line":275,"column":12},"end":{"line":283,"column":null}},"112":{"start":{"line":276,"column":16},"end":{"line":280,"column":null}},"113":{"start":{"line":277,"column":16},"end":{"line":277,"column":null}},"114":{"start":{"line":279,"column":16},"end":{"line":279,"column":null}},"115":{"start":{"line":282,"column":12},"end":{"line":282,"column":null}},"116":{"start":{"line":287,"column":12},"end":{"line":287,"column":null}},"117":{"start":{"line":288,"column":13},"end":{"line":291,"column":null}},"118":{"start":{"line":289,"column":18},"end":{"line":289,"column":null}},"119":{"start":{"line":290,"column":12},"end":{"line":290,"column":null}},"120":{"start":{"line":292,"column":15},"end":{"line":292,"column":null}}},"fnMap":{"0":{"name":"(anonymous_0)","decl":{"start":{"line":20,"column":4},"end":{"line":20,"column":18}},"loc":{"start":{"line":20,"column":18},"end":{"line":28,"column":null}},"line":20},"1":{"name":"(anonymous_1)","decl":{"start":{"line":22,"column":44},"end":{"line":22,"column":null}},"loc":{"start":{"line":22,"column":44},"end":{"line":27,"column":11}},"line":22},"2":{"name":"(anonymous_2)","decl":{"start":{"line":30,"column":4},"end":{"line":30,"column":14}},"loc":{"start":{"line":30,"column":14},"end":{"line":32,"column":null}},"line":30},"3":{"name":"(anonymous_3)","decl":{"start":{"line":36,"column":4},"end":{"line":36,"column":21}},"loc":{"start":{"line":36,"column":96},"end":{"line":47,"column":null}},"line":36},"4":{"name":"(anonymous_4)","decl":{"start":{"line":49,"column":12},"end":{"line":49,"column":47}},"loc":{"start":{"line":49,"column":47},"end":{"line":76,"column":null}},"line":49},"5":{"name":"(anonymous_5)","decl":{"start":{"line":80,"column":38},"end":{"line":80,"column":null}},"loc":{"start":{"line":80,"column":38},"end":{"line":88,"column":null}},"line":80},"6":{"name":"(anonymous_6)","decl":{"start":{"line":80,"column":4},"end":{"line":80,"column":38}},"loc":{"start":{"line":80,"column":4},"end":{"line":80,"column":38}},"line":80},"7":{"name":"(anonymous_7)","decl":{"start":{"line":90,"column":36},"end":{"line":90,"column":null}},"loc":{"start":{"line":90,"column":36},"end":{"line":104,"column":5}},"line":90},"8":{"name":"(anonymous_8)","decl":{"start":{"line":90,"column":4},"end":{"line":90,"column":36}},"loc":{"start":{"line":90,"column":4},"end":{"line":90,"column":36}},"line":90},"9":{"name":"(anonymous_9)","decl":{"start":{"line":106,"column":36},"end":{"line":106,"column":54}},"loc":{"start":{"line":106,"column":36},"end":{"line":106,"column":null}},"line":106},"10":{"name":"(anonymous_10)","decl":{"start":{"line":106,"column":4},"end":{"line":106,"column":36}},"loc":{"start":{"line":106,"column":4},"end":{"line":106,"column":36}},"line":106},"11":{"name":"(anonymous_11)","decl":{"start":{"line":110,"column":39},"end":{"line":110,"column":null}},"loc":{"start":{"line":110,"column":39},"end":{"line":127,"column":5}},"line":110},"12":{"name":"(anonymous_12)","decl":{"start":{"line":110,"column":4},"end":{"line":110,"column":39}},"loc":{"start":{"line":110,"column":4},"end":{"line":110,"column":39}},"line":110},"13":{"name":"(anonymous_13)","decl":{"start":{"line":131,"column":49},"end":{"line":131,"column":null}},"loc":{"start":{"line":131,"column":49},"end":{"line":133,"column":5}},"line":131},"14":{"name":"(anonymous_14)","decl":{"start":{"line":131,"column":12},"end":{"line":131,"column":49}},"loc":{"start":{"line":131,"column":12},"end":{"line":131,"column":49}},"line":131},"15":{"name":"(anonymous_15)","decl":{"start":{"line":135,"column":42},"end":{"line":135,"column":null}},"loc":{"start":{"line":135,"column":42},"end":{"line":137,"column":5}},"line":135},"16":{"name":"(anonymous_16)","decl":{"start":{"line":135,"column":4},"end":{"line":135,"column":42}},"loc":{"start":{"line":135,"column":4},"end":{"line":135,"column":42}},"line":135},"17":{"name":"(anonymous_17)","decl":{"start":{"line":139,"column":45},"end":{"line":139,"column":null}},"loc":{"start":{"line":139,"column":45},"end":{"line":143,"column":5}},"line":139},"18":{"name":"(anonymous_18)","decl":{"start":{"line":139,"column":4},"end":{"line":139,"column":45}},"loc":{"start":{"line":139,"column":4},"end":{"line":139,"column":45}},"line":139},"19":{"name":"(anonymous_19)","decl":{"start":{"line":146,"column":39},"end":{"line":146,"column":null}},"loc":{"start":{"line":146,"column":39},"end":{"line":149,"column":5}},"line":146},"20":{"name":"(anonymous_20)","decl":{"start":{"line":146,"column":4},"end":{"line":146,"column":39}},"loc":{"start":{"line":146,"column":4},"end":{"line":146,"column":39}},"line":146},"21":{"name":"(anonymous_21)","decl":{"start":{"line":151,"column":35},"end":{"line":151,"column":null}},"loc":{"start":{"line":151,"column":35},"end":{"line":172,"column":5}},"line":151},"22":{"name":"(anonymous_22)","decl":{"start":{"line":151,"column":4},"end":{"line":151,"column":35}},"loc":{"start":{"line":151,"column":4},"end":{"line":151,"column":35}},"line":151},"23":{"name":"(anonymous_23)","decl":{"start":{"line":174,"column":40},"end":{"line":174,"column":null}},"loc":{"start":{"line":174,"column":40},"end":{"line":185,"column":5}},"line":174},"24":{"name":"(anonymous_24)","decl":{"start":{"line":174,"column":4},"end":{"line":174,"column":40}},"loc":{"start":{"line":174,"column":4},"end":{"line":174,"column":40}},"line":174},"25":{"name":"(anonymous_25)","decl":{"start":{"line":189,"column":12},"end":{"line":189,"column":34}},"loc":{"start":{"line":189,"column":65},"end":{"line":198,"column":null}},"line":189},"26":{"name":"(anonymous_26)","decl":{"start":{"line":192,"column":13},"end":{"line":192,"column":17}},"loc":{"start":{"line":192,"column":17},"end":{"line":197,"column":20}},"line":192},"27":{"name":"(anonymous_27)","decl":{"start":{"line":197,"column":13},"end":{"line":197,"column":20}},"loc":{"start":{"line":197,"column":25},"end":{"line":197,"column":34}},"line":197},"28":{"name":"(anonymous_28)","decl":{"start":{"line":200,"column":12},"end":{"line":200,"column":22}},"loc":{"start":{"line":200,"column":48},"end":{"line":212,"column":null}},"line":200},"29":{"name":"(anonymous_29)","decl":{"start":{"line":216,"column":18},"end":{"line":216,"column":37}},"loc":{"start":{"line":216,"column":64},"end":{"line":231,"column":null}},"line":216},"30":{"name":"(anonymous_30)","decl":{"start":{"line":233,"column":12},"end":{"line":233,"column":27}},"loc":{"start":{"line":233,"column":77},"end":{"line":242,"column":null}},"line":233},"31":{"name":"(anonymous_31)","decl":{"start":{"line":244,"column":12},"end":{"line":244,"column":23}},"loc":{"start":{"line":244,"column":52},"end":{"line":251,"column":null}},"line":244},"32":{"name":"(anonymous_32)","decl":{"start":{"line":253,"column":18},"end":{"line":253,"column":43}},"loc":{"start":{"line":253,"column":71},"end":{"line":261,"column":null}},"line":253},"33":{"name":"(anonymous_33)","decl":{"start":{"line":263,"column":18},"end":{"line":263,"column":41}},"loc":{"start":{"line":263,"column":69},"end":{"line":284,"column":null}},"line":263},"34":{"name":"(anonymous_34)","decl":{"start":{"line":286,"column":18},"end":{"line":286,"column":55}},"loc":{"start":{"line":286,"column":55},"end":{"line":293,"column":null}},"line":286}},"branchMap":{"0":{"loc":{"start":{"line":31,"column":12},"end":{"line":31,"column":null}},"type":"if","locations":[{"start":{"line":31,"column":12},"end":{"line":31,"column":null}},{"start":{},"end":{}}],"line":31},"1":{"loc":{"start":{"line":51,"column":12},"end":{"line":61,"column":null}},"type":"if","locations":[{"start":{"line":51,"column":12},"end":{"line":61,"column":null}},{"start":{"line":59,"column":15},"end":{"line":61,"column":null}}],"line":51},"2":{"loc":{"start":{"line":157,"column":16},"end":{"line":159,"column":null}},"type":"if","locations":[{"start":{"line":157,"column":16},"end":{"line":159,"column":null}},{"start":{},"end":{}}],"line":157},"3":{"loc":{"start":{"line":164,"column":12},"end":{"line":169,"column":null}},"type":"if","locations":[{"start":{"line":164,"column":12},"end":{"line":169,"column":null}},{"start":{},"end":{}}],"line":164},"4":{"loc":{"start":{"line":175,"column":13},"end":{"line":175,"column":null}},"type":"if","locations":[{"start":{"line":175,"column":13},"end":{"line":175,"column":null}},{"start":{},"end":{}}],"line":175},"5":{"loc":{"start":{"line":178,"column":12},"end":{"line":178,"column":null}},"type":"if","locations":[{"start":{"line":178,"column":12},"end":{"line":178,"column":null}},{"start":{},"end":{}}],"line":178},"6":{"loc":{"start":{"line":202,"column":13},"end":{"line":202,"column":null}},"type":"if","locations":[{"start":{"line":202,"column":13},"end":{"line":202,"column":null}},{"start":{},"end":{}}],"line":202},"7":{"loc":{"start":{"line":207,"column":12},"end":{"line":207,"column":null}},"type":"if","locations":[{"start":{"line":207,"column":12},"end":{"line":207,"column":null}},{"start":{},"end":{}}],"line":207},"8":{"loc":{"start":{"line":207,"column":12},"end":{"line":207,"column":45}},"type":"binary-expr","locations":[{"start":{"line":207,"column":12},"end":{"line":207,"column":33}},{"start":{"line":207,"column":33},"end":{"line":207,"column":45}}],"line":207},"9":{"loc":{"start":{"line":208,"column":12},"end":{"line":208,"column":null}},"type":"if","locations":[{"start":{"line":208,"column":12},"end":{"line":208,"column":null}},{"start":{},"end":{}}],"line":208},"10":{"loc":{"start":{"line":208,"column":12},"end":{"line":208,"column":47}},"type":"binary-expr","locations":[{"start":{"line":208,"column":12},"end":{"line":208,"column":33}},{"start":{"line":208,"column":33},"end":{"line":208,"column":47}}],"line":208},"11":{"loc":{"start":{"line":222,"column":16},"end":{"line":224,"column":null}},"type":"if","locations":[{"start":{"line":222,"column":16},"end":{"line":224,"column":null}},{"start":{},"end":{}}],"line":222},"12":{"loc":{"start":{"line":227,"column":16},"end":{"line":229,"column":null}},"type":"if","locations":[{"start":{"line":227,"column":16},"end":{"line":229,"column":null}},{"start":{},"end":{}}],"line":227},"13":{"loc":{"start":{"line":241,"column":15},"end":{"line":241,"column":null}},"type":"binary-expr","locations":[{"start":{"line":241,"column":15},"end":{"line":241,"column":40}},{"start":{"line":241,"column":40},"end":{"line":241,"column":null}}],"line":241},"14":{"loc":{"start":{"line":245,"column":15},"end":{"line":247,"column":null}},"type":"binary-expr","locations":[{"start":{"line":245,"column":15},"end":{"line":245,"column":null}},{"start":{"line":246,"column":15},"end":{"line":246,"column":null}},{"start":{"line":247,"column":15},"end":{"line":247,"column":null}}],"line":245},"15":{"loc":{"start":{"line":254,"column":18},"end":{"line":259,"column":null}},"type":"if","locations":[{"start":{"line":254,"column":18},"end":{"line":259,"column":null}},{"start":{},"end":{}}],"line":254},"16":{"loc":{"start":{"line":264,"column":18},"end":{"line":269,"column":null}},"type":"if","locations":[{"start":{"line":264,"column":18},"end":{"line":269,"column":null}},{"start":{},"end":{}}],"line":264},"17":{"loc":{"start":{"line":275,"column":12},"end":{"line":283,"column":null}},"type":"if","locations":[{"start":{"line":275,"column":12},"end":{"line":283,"column":null}},{"start":{"line":281,"column":15},"end":{"line":283,"column":null}}],"line":275},"18":{"loc":{"start":{"line":276,"column":16},"end":{"line":280,"column":null}},"type":"if","locations":[{"start":{"line":276,"column":16},"end":{"line":280,"column":null}},{"start":{"line":278,"column":19},"end":{"line":280,"column":null}}],"line":276},"19":{"loc":{"start":{"line":288,"column":13},"end":{"line":291,"column":null}},"type":"if","locations":[{"start":{"line":288,"column":13},"end":{"line":291,"column":null}},{"start":{},"end":{}}],"line":288}},"s":{"0":8,"1":8,"2":8,"3":2,"4":8,"5":8,"6":8,"7":8,"8":8,"9":8,"10":8,"11":8,"12":0,"13":0,"14":0,"15":0,"16":8,"17":8,"18":1,"19":1,"20":1,"21":1,"22":1,"23":28,"24":28,"25":28,"26":1,"27":6,"28":0,"29":0,"30":6,"31":6,"32":6,"33":6,"34":6,"35":1,"36":1,"37":0,"38":0,"39":0,"40":0,"41":0,"42":0,"43":0,"44":0,"45":0,"46":0,"47":0,"48":0,"49":0,"50":5,"51":5,"52":0,"53":0,"54":0,"55":4,"56":4,"57":2,"58":2,"59":9,"60":9,"61":2,"62":0,"63":0,"64":0,"65":0,"66":0,"67":0,"68":0,"69":1,"70":0,"71":1,"72":1,"73":0,"74":1,"75":1,"76":1,"77":1,"78":4,"79":4,"80":24,"81":24,"82":23,"83":0,"84":23,"85":23,"86":23,"87":0,"88":23,"89":0,"90":23,"91":23,"92":2,"93":12,"94":12,"95":12,"96":0,"97":12,"98":2,"99":24,"100":24,"101":24,"102":24,"103":0,"104":0,"105":0,"106":0,"107":2,"108":2,"109":2,"110":2,"111":2,"112":2,"113":2,"114":0,"115":0,"116":2,"117":2,"118":0,"119":0,"120":2},"f":{"0":8,"1":0,"2":8,"3":1,"4":6,"5":1,"6":2,"7":0,"8":0,"9":2,"10":2,"11":0,"12":0,"13":5,"14":5,"15":5,"16":5,"17":0,"18":0,"19":4,"20":6,"21":2,"22":3,"23":1,"24":1,"25":4,"26":24,"27":24,"28":23,"29":2,"30":24,"31":0,"32":0,"33":2,"34":2},"b":{"0":[8,0],"1":[0,6],"2":[2,7],"3":[0,0],"4":[0,1],"5":[0,1],"6":[0,23],"7":[0,23],"8":[23,0],"9":[0,23],"10":[23,0],"11":[0,12],"12":[2,10],"13":[24,22],"14":[0,0,0],"15":[0,0],"16":[2,0],"17":[2,0],"18":[2,0],"19":[0,2]},"meta":{"lastBranch":20,"lastFunction":35,"lastStatement":121,"seen":{"s:15:4:15:Infinity":0,"s:16:12:16:Infinity":1,"s:90:36:104:Infinity":2,"s:106:36:106:Infinity":3,"s:110:39:127:Infinity":4,"s:131:49:133:Infinity":5,"s:135:42:137:Infinity":6,"s:139:45:143:Infinity":7,"s:146:39:149:Infinity":8,"s:151:35:172:Infinity":9,"s:174:40:185:Infinity":10,"f:20:4:20:18":0,"s:22:8:27:Infinity":11,"f:22:44:22:Infinity":1,"s:23:18:23:Infinity":12,"s:24:12:24:Infinity":13,"s:25:12:25:Infinity":14,"s:26:12:26:Infinity":15,"f:30:4:30:14":2,"b:31:12:31:Infinity:undefined:undefined:undefined:undefined":0,"s:31:12:31:Infinity":16,"s:31:29:31:Infinity":17,"f:36:4:36:21":3,"s:37:14:37:Infinity":18,"s:38:14:38:Infinity":19,"s:39:19:39:Infinity":20,"s:41:17:45:Infinity":21,"s:41:23:41:26":22,"s:42:18:42:Infinity":23,"s:43:26:43:Infinity":24,"s:44:12:44:Infinity":25,"s:46:15:46:Infinity":26,"f:49:12:49:47":4,"b:51:12:61:Infinity:59:15:61:Infinity":1,"s:51:12:61:Infinity":27,"s:52:12:52:Infinity":28,"s:53:12:57:Infinity":29,"s:60:12:60:Infinity":30,"s:63:8:65:Infinity":31,"s:68:8:68:Infinity":32,"s:69:8:72:Infinity":33,"s:75:15:75:Infinity":34,"f:80:38:80:Infinity":5,"s:81:14:85:Infinity":35,"s:87:15:87:Infinity":36,"f:80:4:80:38":6,"f:90:36:90:Infinity":7,"s:91:14:94:Infinity":37,"s:97:14:100:Infinity":38,"s:103:18:103:Infinity":39,"f:90:4:90:36":8,"f:106:36:106:54":9,"f:106:4:106:36":10,"f:110:39:110:Infinity":11,"s:111:21:111:Infinity":40,"s:112:21:112:Infinity":41,"s:114:27:114:Infinity":42,"s:115:27:115:Infinity":43,"s:117:21:117:Infinity":44,"s:119:18:119:Infinity":45,"s:120:18:121:Infinity":46,"s:123:22:123:Infinity":47,"s:124:8:124:Infinity":48,"s:126:16:126:Infinity":49,"f:110:4:110:39":12,"f:131:49:131:Infinity":13,"s:132:15:132:Infinity":50,"f:131:12:131:49":14,"f:135:42:135:Infinity":15,"s:136:15:136:Infinity":51,"f:135:4:135:42":16,"f:139:45:139:Infinity":17,"s:140:14:140:Infinity":52,"s:141:8:141:Infinity":53,"s:142:15:142:Infinity":54,"f:139:4:139:45":18,"f:146:39:146:Infinity":19,"s:147:22:147:Infinity":55,"s:148:15:148:Infinity":56,"f:146:4:146:39":20,"f:151:35:151:Infinity":21,"s:152:20:152:Infinity":57,"s:155:19:160:Infinity":58,"s:156:31:156:Infinity":59,"b:157:16:159:Infinity:undefined:undefined:undefined:undefined":2,"s:157:16:159:Infinity":60,"s:158:28:158:Infinity":61,"s:163:32:163:Infinity":62,"b:164:12:169:Infinity:undefined:undefined:undefined:undefined":3,"s:164:12:169:Infinity":63,"s:165:32:165:Infinity":64,"s:166:31:166:Infinity":65,"s:167:12:167:Infinity":66,"s:168:24:168:Infinity":67,"s:171:15:171:Infinity":68,"f:151:4:151:35":22,"f:174:40:174:Infinity":23,"b:175:13:175:Infinity:undefined:undefined:undefined:undefined":4,"s:175:13:175:Infinity":69,"s:175:18:175:Infinity":70,"s:177:21:177:Infinity":71,"b:178:12:178:Infinity:undefined:undefined:undefined:undefined":5,"s:178:12:178:Infinity":72,"s:178:19:178:Infinity":73,"s:180:22:180:Infinity":74,"s:181:24:181:Infinity":75,"s:182:24:182:Infinity":76,"s:184:18:184:Infinity":77,"f:174:4:174:40":24,"f:189:12:189:34":25,"s:190:14:190:Infinity":78,"s:191:15:197:Infinity":79,"f:192:13:192:17":26,"s:192:17:197:20":80,"f:197:13:197:20":27,"s:197:25:197:34":81,"f:200:12:200:22":28,"s:201:14:201:Infinity":82,"b:202:13:202:Infinity:undefined:undefined:undefined:undefined":6,"s:202:13:202:Infinity":83,"s:204:33:204:Infinity":84,"s:205:31:205:Infinity":85,"b:207:12:207:Infinity:undefined:undefined:undefined:undefined":7,"s:207:12:207:Infinity":86,"b:207:12:207:33:207:33:207:45":8,"s:207:45:207:Infinity":87,"b:208:12:208:Infinity:undefined:undefined:undefined:undefined":9,"s:208:12:208:Infinity":88,"b:208:12:208:33:208:33:208:47":10,"s:208:47:208:Infinity":89,"s:210:8:210:Infinity":90,"s:211:15:211:Infinity":91,"f:216:18:216:37":29,"s:217:19:230:Infinity":92,"s:218:31:218:Infinity":93,"s:221:18:221:Infinity":94,"b:222:16:224:Infinity:undefined:undefined:undefined:undefined":11,"s:222:16:224:Infinity":95,"s:223:22:223:Infinity":96,"b:227:16:229:Infinity:undefined:undefined:undefined:undefined":12,"s:227:16:229:Infinity":97,"s:228:22:228:Infinity":98,"f:233:12:233:27":30,"s:237:25:237:Infinity":99,"s:238:28:238:Infinity":100,"s:239:27:239:Infinity":101,"s:241:15:241:Infinity":102,"b:241:15:241:40:241:40:241:Infinity":13,"f:244:12:244:23":31,"s:245:15:247:Infinity":103,"b:245:15:245:Infinity:246:15:246:Infinity:247:15:247:Infinity":14,"f:253:18:253:43":32,"b:254:18:259:Infinity:undefined:undefined:undefined:undefined":15,"s:254:18:259:Infinity":104,"s:255:12:257:Infinity":105,"s:260:8:260:Infinity":106,"f:263:18:263:41":33,"b:264:18:269:Infinity:undefined:undefined:undefined:undefined":16,"s:264:18:269:Infinity":107,"s:265:13:267:Infinity":108,"s:272:26:272:Infinity":109,"s:273:31:273:Infinity":110,"b:275:12:283:Infinity:281:15:283:Infinity":17,"s:275:12:283:Infinity":111,"b:276:16:280:Infinity:278:19:280:Infinity":18,"s:276:16:280:Infinity":112,"s:277:16:277:Infinity":113,"s:279:16:279:Infinity":114,"s:282:12:282:Infinity":115,"f:286:18:286:55":34,"s:287:12:287:Infinity":116,"b:288:13:291:Infinity:undefined:undefined:undefined:undefined":19,"s:288:13:291:Infinity":117,"s:289:18:289:Infinity":118,"s:290:12:290:Infinity":119,"s:292:15:292:Infinity":120}}}
,"/home/juru/workspace/project/praydo/src/lib/praytime/index.ts": {"path":"/home/juru/workspace/project/praydo/src/lib/praytime/index.ts","statementMap":{"0":{"start":{"line":103,"column":28},"end":{"line":103,"column":null}},"1":{"start":{"line":104,"column":30},"end":{"line":104,"column":null}},"2":{"start":{"line":105,"column":58},"end":{"line":105,"column":null}},"3":{"start":{"line":596,"column":16},"end":{"line":596,"column":null}},"4":{"start":{"line":597,"column":16},"end":{"line":597,"column":null}},"5":{"start":{"line":599,"column":16},"end":{"line":599,"column":null}},"6":{"start":{"line":600,"column":16},"end":{"line":600,"column":null}},"7":{"start":{"line":601,"column":16},"end":{"line":601,"column":null}},"8":{"start":{"line":603,"column":19},"end":{"line":603,"column":null}},"9":{"start":{"line":604,"column":19},"end":{"line":604,"column":null}},"10":{"start":{"line":605,"column":19},"end":{"line":605,"column":null}},"11":{"start":{"line":607,"column":19},"end":{"line":607,"column":null}},"12":{"start":{"line":608,"column":20},"end":{"line":609,"column":null}},"13":{"start":{"line":108,"column":4},"end":{"line":122,"column":null}},"14":{"start":{"line":124,"column":4},"end":{"line":135,"column":null}},"15":{"start":{"line":137,"column":4},"end":{"line":146,"column":null}},"16":{"start":{"line":148,"column":4},"end":{"line":148,"column":null}},"17":{"start":{"line":155,"column":4},"end":{"line":155,"column":null}},"18":{"start":{"line":174,"column":4},"end":{"line":174,"column":null}},"19":{"start":{"line":199,"column":4},"end":{"line":199,"column":null}},"20":{"start":{"line":223,"column":4},"end":{"line":223,"column":null}},"21":{"start":{"line":228,"column":4},"end":{"line":228,"column":null}},"22":{"start":{"line":233,"column":4},"end":{"line":233,"column":null}},"23":{"start":{"line":238,"column":4},"end":{"line":238,"column":null}},"24":{"start":{"line":243,"column":4},"end":{"line":243,"column":null}},"25":{"start":{"line":244,"column":4},"end":{"line":244,"column":null}},"26":{"start":{"line":249,"column":4},"end":{"line":249,"column":null}},"27":{"start":{"line":250,"column":4},"end":{"line":250,"column":null}},"28":{"start":{"line":255,"column":4},"end":{"line":255,"column":null}},"29":{"start":{"line":264,"column":4},"end":{"line":265,"column":null}},"30":{"start":{"line":265,"column":6},"end":{"line":265,"column":null}},"31":{"start":{"line":266,"column":4},"end":{"line":267,"column":null}},"32":{"start":{"line":267,"column":6},"end":{"line":267,"column":null}},"33":{"start":{"line":268,"column":4},"end":{"line":268,"column":null}},"34":{"start":{"line":270,"column":16},"end":{"line":270,"column":null}},"35":{"start":{"line":271,"column":4},"end":{"line":271,"column":null}},"36":{"start":{"line":272,"column":4},"end":{"line":272,"column":null}},"37":{"start":{"line":315,"column":4},"end":{"line":315,"column":null}},"38":{"start":{"line":315,"column":19},"end":{"line":315,"column":null}},"39":{"start":{"line":317,"column":6},"end":{"line":317,"column":null}},"40":{"start":{"line":318,"column":4},"end":{"line":318,"column":null}},"41":{"start":{"line":319,"column":4},"end":{"line":319,"column":null}},"42":{"start":{"line":326,"column":4},"end":{"line":326,"column":null}},"43":{"start":{"line":334,"column":4},"end":{"line":334,"column":null}},"44":{"start":{"line":336,"column":23},"end":{"line":345,"column":null}},"45":{"start":{"line":347,"column":4},"end":{"line":348,"column":null}},"46":{"start":{"line":347,"column":17},"end":{"line":347,"column":20}},"47":{"start":{"line":348,"column":6},"end":{"line":348,"column":null}},"48":{"start":{"line":350,"column":4},"end":{"line":350,"column":null}},"49":{"start":{"line":351,"column":4},"end":{"line":351,"column":null}},"50":{"start":{"line":352,"column":4},"end":{"line":352,"column":null}},"51":{"start":{"line":353,"column":4},"end":{"line":353,"column":null}},"52":{"start":{"line":354,"column":4},"end":{"line":354,"column":null}},"53":{"start":{"line":359,"column":19},"end":{"line":359,"column":null}},"54":{"start":{"line":360,"column":20},"end":{"line":360,"column":null}},"55":{"start":{"line":362,"column":4},"end":{"line":371,"column":null}},"56":{"start":{"line":376,"column":19},"end":{"line":376,"column":null}},"57":{"start":{"line":378,"column":4},"end":{"line":379,"column":null}},"58":{"start":{"line":379,"column":6},"end":{"line":379,"column":null}},"59":{"start":{"line":380,"column":4},"end":{"line":381,"column":null}},"60":{"start":{"line":381,"column":6},"end":{"line":381,"column":null}},"61":{"start":{"line":382,"column":4},"end":{"line":386,"column":null}},"62":{"start":{"line":383,"column":23},"end":{"line":383,"column":null}},"63":{"start":{"line":384,"column":6},"end":{"line":385,"column":null}},"64":{"start":{"line":387,"column":4},"end":{"line":387,"column":null}},"65":{"start":{"line":392,"column":17},"end":{"line":392,"column":null}},"66":{"start":{"line":393,"column":4},"end":{"line":397,"column":null}},"67":{"start":{"line":394,"column":6},"end":{"line":396,"column":null}},"68":{"start":{"line":395,"column":8},"end":{"line":395,"column":null}},"69":{"start":{"line":402,"column":16},"end":{"line":402,"column":null}},"70":{"start":{"line":403,"column":4},"end":{"line":407,"column":null}},"71":{"start":{"line":404,"column":19},"end":{"line":404,"column":null}},"72":{"start":{"line":405,"column":24},"end":{"line":405,"column":null}},"73":{"start":{"line":406,"column":6},"end":{"line":406,"column":null}},"74":{"start":{"line":412,"column":27},"end":{"line":412,"column":null}},"75":{"start":{"line":413,"column":21},"end":{"line":418,"column":null}},"76":{"start":{"line":420,"column":4},"end":{"line":420,"column":null}},"77":{"start":{"line":420,"column":19},"end":{"line":420,"column":null}},"78":{"start":{"line":422,"column":22},"end":{"line":422,"column":null}},"79":{"start":{"line":423,"column":4},"end":{"line":425,"column":null}},"80":{"start":{"line":434,"column":4},"end":{"line":436,"column":null}},"81":{"start":{"line":435,"column":6},"end":{"line":435,"column":null}},"82":{"start":{"line":438,"column":16},"end":{"line":438,"column":null}},"83":{"start":{"line":440,"column":6},"end":{"line":440,"column":null}},"84":{"start":{"line":442,"column":14},"end":{"line":442,"column":null}},"85":{"start":{"line":443,"column":14},"end":{"line":443,"column":null}},"86":{"start":{"line":444,"column":14},"end":{"line":444,"column":null}},"87":{"start":{"line":445,"column":14},"end":{"line":445,"column":null}},"88":{"start":{"line":446,"column":15},"end":{"line":449,"column":null}},"89":{"start":{"line":451,"column":19},"end":{"line":454,"column":null}},"90":{"start":{"line":457,"column":4},"end":{"line":457,"column":null}},"91":{"start":{"line":458,"column":4},"end":{"line":458,"column":null}},"92":{"start":{"line":463,"column":16},"end":{"line":463,"column":null}},"93":{"start":{"line":464,"column":17},"end":{"line":464,"column":null}},"94":{"start":{"line":465,"column":4},"end":{"line":465,"column":null}},"95":{"start":{"line":474,"column":16},"end":{"line":474,"column":null}},"96":{"start":{"line":475,"column":17},"end":{"line":475,"column":null}},"97":{"start":{"line":477,"column":6},"end":{"line":477,"column":null}},"98":{"start":{"line":478,"column":17},"end":{"line":478,"column":null}},"99":{"start":{"line":479,"column":4},"end":{"line":479,"column":null}},"100":{"start":{"line":485,"column":6},"end":{"line":485,"column":null}},"101":{"start":{"line":486,"column":16},"end":{"line":486,"column":null}},"102":{"start":{"line":487,"column":17},"end":{"line":487,"column":null}},"103":{"start":{"line":488,"column":4},"end":{"line":488,"column":null}},"104":{"start":{"line":495,"column":19},"end":{"line":495,"column":null}},"105":{"start":{"line":496,"column":4},"end":{"line":496,"column":null}},"106":{"start":{"line":496,"column":36},"end":{"line":496,"column":null}},"107":{"start":{"line":498,"column":4},"end":{"line":498,"column":null}},"108":{"start":{"line":499,"column":18},"end":{"line":499,"column":null}},"109":{"start":{"line":501,"column":4},"end":{"line":516,"column":null}},"110":{"start":{"line":527,"column":56},"end":{"line":532,"column":null}},"111":{"start":{"line":533,"column":20},"end":{"line":533,"column":null}},"112":{"start":{"line":534,"column":10},"end":{"line":534,"column":null}},"113":{"start":{"line":535,"column":4},"end":{"line":538,"column":null}},"114":{"start":{"line":536,"column":6},"end":{"line":536,"column":null}},"115":{"start":{"line":537,"column":6},"end":{"line":537,"column":null}},"116":{"start":{"line":539,"column":4},"end":{"line":539,"column":null}},"117":{"start":{"line":546,"column":4},"end":{"line":548,"column":null}},"118":{"start":{"line":547,"column":7},"end":{"line":547,"column":null}},"119":{"start":{"line":553,"column":19},"end":{"line":553,"column":null}},"120":{"start":{"line":554,"column":24},"end":{"line":554,"column":null}},"121":{"start":{"line":555,"column":4},"end":{"line":555,"column":null}},"122":{"start":{"line":555,"column":26},"end":{"line":555,"column":null}},"123":{"start":{"line":556,"column":4},"end":{"line":556,"column":null}},"124":{"start":{"line":556,"column":38},"end":{"line":556,"column":null}},"125":{"start":{"line":557,"column":4},"end":{"line":558,"column":null}},"126":{"start":{"line":558,"column":6},"end":{"line":558,"column":null}},"127":{"start":{"line":559,"column":4},"end":{"line":559,"column":null}},"128":{"start":{"line":564,"column":22},"end":{"line":564,"column":null}},"129":{"start":{"line":565,"column":17},"end":{"line":567,"column":null}},"130":{"start":{"line":568,"column":16},"end":{"line":573,"column":null}},"131":{"start":{"line":574,"column":4},"end":{"line":574,"column":null}},"132":{"start":{"line":581,"column":4},"end":{"line":581,"column":null}},"133":{"start":{"line":586,"column":4},"end":{"line":586,"column":null}},"134":{"start":{"line":591,"column":4},"end":{"line":591,"column":null}},"135":{"start":{"line":596,"column":40},"end":{"line":596,"column":null}},"136":{"start":{"line":597,"column":40},"end":{"line":597,"column":null}},"137":{"start":{"line":599,"column":39},"end":{"line":599,"column":null}},"138":{"start":{"line":600,"column":39},"end":{"line":600,"column":null}},"139":{"start":{"line":601,"column":39},"end":{"line":601,"column":null}},"140":{"start":{"line":603,"column":42},"end":{"line":603,"column":null}},"141":{"start":{"line":604,"column":42},"end":{"line":604,"column":null}},"142":{"start":{"line":605,"column":42},"end":{"line":605,"column":null}},"143":{"start":{"line":607,"column":42},"end":{"line":607,"column":null}},"144":{"start":{"line":609,"column":4},"end":{"line":609,"column":null}}},"fnMap":{"0":{"name":"(anonymous_0)","decl":{"start":{"line":107,"column":2},"end":{"line":107,"column":14}},"loc":{"start":{"line":107,"column":42},"end":{"line":149,"column":null}},"line":107},"1":{"name":"(anonymous_1)","decl":{"start":{"line":154,"column":2},"end":{"line":154,"column":9}},"loc":{"start":{"line":154,"column":46},"end":{"line":156,"column":null}},"line":154},"2":{"name":"(anonymous_2)","decl":{"start":{"line":173,"column":2},"end":{"line":173,"column":9}},"loc":{"start":{"line":173,"column":50},"end":{"line":175,"column":null}},"line":173},"3":{"name":"(anonymous_3)","decl":{"start":{"line":198,"column":2},"end":{"line":198,"column":11}},"loc":{"start":{"line":198,"column":49},"end":{"line":200,"column":null}},"line":198},"4":{"name":"(anonymous_4)","decl":{"start":{"line":222,"column":2},"end":{"line":222,"column":11}},"loc":{"start":{"line":222,"column":39},"end":{"line":224,"column":null}},"line":222},"5":{"name":"(anonymous_5)","decl":{"start":{"line":227,"column":2},"end":{"line":227,"column":7}},"loc":{"start":{"line":227,"column":47},"end":{"line":229,"column":null}},"line":227},"6":{"name":"(anonymous_6)","decl":{"start":{"line":232,"column":2},"end":{"line":232,"column":8}},"loc":{"start":{"line":232,"column":56},"end":{"line":234,"column":null}},"line":232},"7":{"name":"(anonymous_7)","decl":{"start":{"line":237,"column":2},"end":{"line":237,"column":9}},"loc":{"start":{"line":237,"column":39},"end":{"line":239,"column":null}},"line":237},"8":{"name":"(anonymous_8)","decl":{"start":{"line":242,"column":2},"end":{"line":242,"column":6}},"loc":{"start":{"line":242,"column":60},"end":{"line":245,"column":null}},"line":242},"9":{"name":"(anonymous_9)","decl":{"start":{"line":248,"column":2},"end":{"line":248,"column":12}},"loc":{"start":{"line":248,"column":59},"end":{"line":251,"column":null}},"line":248},"10":{"name":"(anonymous_10)","decl":{"start":{"line":254,"column":2},"end":{"line":254,"column":17}},"loc":{"start":{"line":254,"column":42},"end":{"line":256,"column":null}},"line":254},"11":{"name":"(anonymous_11)","decl":{"start":{"line":261,"column":2},"end":{"line":261,"column":null}},"loc":{"start":{"line":263,"column":28},"end":{"line":273,"column":null}},"line":263},"12":{"name":"(anonymous_12)","decl":{"start":{"line":308,"column":2},"end":{"line":308,"column":null}},"loc":{"start":{"line":314,"column":28},"end":{"line":320,"column":null}},"line":314},"13":{"name":"(anonymous_13)","decl":{"start":{"line":325,"column":2},"end":{"line":325,"column":12}},"loc":{"start":{"line":325,"column":45},"end":{"line":327,"column":null}},"line":325},"14":{"name":"(anonymous_14)","decl":{"start":{"line":332,"column":10},"end":{"line":332,"column":32}},"loc":{"start":{"line":332,"column":32},"end":{"line":355,"column":null}},"line":332},"15":{"name":"(anonymous_15)","decl":{"start":{"line":358,"column":10},"end":{"line":358,"column":23}},"loc":{"start":{"line":358,"column":44},"end":{"line":372,"column":null}},"line":358},"16":{"name":"(anonymous_16)","decl":{"start":{"line":375,"column":10},"end":{"line":375,"column":22}},"loc":{"start":{"line":375,"column":42},"end":{"line":388,"column":null}},"line":375},"17":{"name":"(anonymous_17)","decl":{"start":{"line":391,"column":10},"end":{"line":391,"column":20}},"loc":{"start":{"line":391,"column":40},"end":{"line":398,"column":null}},"line":391},"18":{"name":"(anonymous_18)","decl":{"start":{"line":401,"column":10},"end":{"line":401,"column":23}},"loc":{"start":{"line":401,"column":43},"end":{"line":408,"column":null}},"line":401},"19":{"name":"(anonymous_19)","decl":{"start":{"line":411,"column":10},"end":{"line":411,"column":20}},"loc":{"start":{"line":411,"column":47},"end":{"line":427,"column":null}},"line":411},"20":{"name":"(anonymous_20)","decl":{"start":{"line":432,"column":10},"end":{"line":432,"column":22}},"loc":{"start":{"line":432,"column":49},"end":{"line":459,"column":null}},"line":432},"21":{"name":"(anonymous_21)","decl":{"start":{"line":462,"column":10},"end":{"line":462,"column":17}},"loc":{"start":{"line":462,"column":39},"end":{"line":466,"column":null}},"line":462},"22":{"name":"(anonymous_22)","decl":{"start":{"line":469,"column":10},"end":{"line":469,"column":null}},"loc":{"start":{"line":473,"column":12},"end":{"line":480,"column":null}},"line":473},"23":{"name":"(anonymous_23)","decl":{"start":{"line":483,"column":10},"end":{"line":483,"column":19}},"loc":{"start":{"line":483,"column":62},"end":{"line":489,"column":null}},"line":483},"24":{"name":"(anonymous_24)","decl":{"start":{"line":494,"column":10},"end":{"line":494,"column":25}},"loc":{"start":{"line":494,"column":45},"end":{"line":517,"column":null}},"line":494},"25":{"name":"(anonymous_25)","decl":{"start":{"line":520,"column":10},"end":{"line":520,"column":null}},"loc":{"start":{"line":526,"column":12},"end":{"line":540,"column":null}},"line":526},"26":{"name":"(anonymous_26)","decl":{"start":{"line":545,"column":10},"end":{"line":545,"column":22}},"loc":{"start":{"line":545,"column":42},"end":{"line":549,"column":null}},"line":545},"27":{"name":"(anonymous_27)","decl":{"start":{"line":552,"column":10},"end":{"line":552,"column":21}},"loc":{"start":{"line":552,"column":48},"end":{"line":560,"column":null}},"line":552},"28":{"name":"(anonymous_28)","decl":{"start":{"line":563,"column":10},"end":{"line":563,"column":23}},"loc":{"start":{"line":563,"column":70},"end":{"line":575,"column":null}},"line":563},"29":{"name":"(anonymous_29)","decl":{"start":{"line":580,"column":10},"end":{"line":580,"column":16}},"loc":{"start":{"line":580,"column":46},"end":{"line":582,"column":null}},"line":580},"30":{"name":"(anonymous_30)","decl":{"start":{"line":585,"column":10},"end":{"line":585,"column":16}},"loc":{"start":{"line":585,"column":47},"end":{"line":587,"column":null}},"line":585},"31":{"name":"(anonymous_31)","decl":{"start":{"line":590,"column":10},"end":{"line":590,"column":14}},"loc":{"start":{"line":590,"column":44},"end":{"line":592,"column":null}},"line":590},"32":{"name":"(anonymous_32)","decl":{"start":{"line":596,"column":16},"end":{"line":596,"column":17}},"loc":{"start":{"line":596,"column":40},"end":{"line":596,"column":null}},"line":596},"33":{"name":"(anonymous_33)","decl":{"start":{"line":597,"column":16},"end":{"line":597,"column":17}},"loc":{"start":{"line":597,"column":40},"end":{"line":597,"column":null}},"line":597},"34":{"name":"(anonymous_34)","decl":{"start":{"line":599,"column":16},"end":{"line":599,"column":17}},"loc":{"start":{"line":599,"column":39},"end":{"line":599,"column":null}},"line":599},"35":{"name":"(anonymous_35)","decl":{"start":{"line":600,"column":16},"end":{"line":600,"column":17}},"loc":{"start":{"line":600,"column":39},"end":{"line":600,"column":null}},"line":600},"36":{"name":"(anonymous_36)","decl":{"start":{"line":601,"column":16},"end":{"line":601,"column":17}},"loc":{"start":{"line":601,"column":39},"end":{"line":601,"column":null}},"line":601},"37":{"name":"(anonymous_37)","decl":{"start":{"line":603,"column":19},"end":{"line":603,"column":20}},"loc":{"start":{"line":603,"column":42},"end":{"line":603,"column":null}},"line":603},"38":{"name":"(anonymous_38)","decl":{"start":{"line":604,"column":19},"end":{"line":604,"column":20}},"loc":{"start":{"line":604,"column":42},"end":{"line":604,"column":null}},"line":604},"39":{"name":"(anonymous_39)","decl":{"start":{"line":605,"column":19},"end":{"line":605,"column":20}},"loc":{"start":{"line":605,"column":42},"end":{"line":605,"column":null}},"line":605},"40":{"name":"(anonymous_40)","decl":{"start":{"line":607,"column":19},"end":{"line":607,"column":20}},"loc":{"start":{"line":607,"column":42},"end":{"line":607,"column":null}},"line":607},"41":{"name":"(anonymous_41)","decl":{"start":{"line":608,"column":20},"end":{"line":608,"column":21}},"loc":{"start":{"line":609,"column":4},"end":{"line":609,"column":null}},"line":609}},"branchMap":{"0":{"loc":{"start":{"line":148,"column":16},"end":{"line":148,"column":31}},"type":"binary-expr","locations":[{"start":{"line":148,"column":16},"end":{"line":148,"column":26}},{"start":{"line":148,"column":26},"end":{"line":148,"column":31}}],"line":148},"1":{"loc":{"start":{"line":232,"column":8},"end":{"line":232,"column":56}},"type":"default-arg","locations":[{"start":{"line":232,"column":35},"end":{"line":232,"column":56}}],"line":232},"2":{"loc":{"start":{"line":248,"column":12},"end":{"line":248,"column":59}},"type":"default-arg","locations":[{"start":{"line":248,"column":41},"end":{"line":248,"column":59}}],"line":248},"3":{"loc":{"start":{"line":262,"column":4},"end":{"line":262,"column":null}},"type":"default-arg","locations":[{"start":{"line":262,"column":53},"end":{"line":262,"column":null}}],"line":262},"4":{"loc":{"start":{"line":264,"column":4},"end":{"line":265,"column":null}},"type":"if","locations":[{"start":{"line":264,"column":4},"end":{"line":265,"column":null}},{"start":{},"end":{}}],"line":264},"5":{"loc":{"start":{"line":265,"column":22},"end":{"line":265,"column":68}},"type":"cond-expr","locations":[{"start":{"line":265,"column":36},"end":{"line":265,"column":64}},{"start":{"line":265,"column":64},"end":{"line":265,"column":68}}],"line":265},"6":{"loc":{"start":{"line":266,"column":4},"end":{"line":267,"column":null}},"type":"if","locations":[{"start":{"line":266,"column":4},"end":{"line":267,"column":null}},{"start":{},"end":{}}],"line":266},"7":{"loc":{"start":{"line":311,"column":4},"end":{"line":311,"column":null}},"type":"default-arg","locations":[{"start":{"line":311,"column":32},"end":{"line":311,"column":null}}],"line":311},"8":{"loc":{"start":{"line":312,"column":4},"end":{"line":312,"column":null}},"type":"default-arg","locations":[{"start":{"line":312,"column":18},"end":{"line":312,"column":null}}],"line":312},"9":{"loc":{"start":{"line":313,"column":4},"end":{"line":313,"column":null}},"type":"default-arg","locations":[{"start":{"line":313,"column":25},"end":{"line":313,"column":null}}],"line":313},"10":{"loc":{"start":{"line":315,"column":4},"end":{"line":315,"column":null}},"type":"if","locations":[{"start":{"line":315,"column":4},"end":{"line":315,"column":null}},{"start":{},"end":{}}],"line":315},"11":{"loc":{"start":{"line":317,"column":6},"end":{"line":317,"column":null}},"type":"cond-expr","locations":[{"start":{"line":317,"column":28},"end":{"line":317,"column":41}},{"start":{"line":317,"column":28},"end":{"line":317,"column":null}}],"line":317},"12":{"loc":{"start":{"line":363,"column":27},"end":{"line":363,"column":45}},"type":"binary-expr","locations":[{"start":{"line":363,"column":27},"end":{"line":363,"column":42}},{"start":{"line":363,"column":42},"end":{"line":363,"column":45}}],"line":363},"13":{"loc":{"start":{"line":368,"column":30},"end":{"line":368,"column":51}},"type":"binary-expr","locations":[{"start":{"line":368,"column":30},"end":{"line":368,"column":48}},{"start":{"line":368,"column":48},"end":{"line":368,"column":51}}],"line":368},"14":{"loc":{"start":{"line":369,"column":27},"end":{"line":369,"column":45}},"type":"binary-expr","locations":[{"start":{"line":369,"column":27},"end":{"line":369,"column":42}},{"start":{"line":369,"column":42},"end":{"line":369,"column":45}}],"line":369},"15":{"loc":{"start":{"line":378,"column":4},"end":{"line":379,"column":null}},"type":"if","locations":[{"start":{"line":378,"column":4},"end":{"line":379,"column":null}},{"start":{},"end":{}}],"line":378},"16":{"loc":{"start":{"line":378,"column":8},"end":{"line":378,"column":null}},"type":"binary-expr","locations":[{"start":{"line":378,"column":8},"end":{"line":378,"column":40}},{"start":{"line":378,"column":40},"end":{"line":378,"column":null}}],"line":378},"17":{"loc":{"start":{"line":380,"column":4},"end":{"line":381,"column":null}},"type":"if","locations":[{"start":{"line":380,"column":4},"end":{"line":381,"column":null}},{"start":{},"end":{}}],"line":380},"18":{"loc":{"start":{"line":380,"column":8},"end":{"line":380,"column":null}},"type":"binary-expr","locations":[{"start":{"line":380,"column":8},"end":{"line":380,"column":37}},{"start":{"line":380,"column":37},"end":{"line":380,"column":null}}],"line":380},"19":{"loc":{"start":{"line":382,"column":4},"end":{"line":386,"column":null}},"type":"if","locations":[{"start":{"line":382,"column":4},"end":{"line":386,"column":null}},{"start":{},"end":{}}],"line":382},"20":{"loc":{"start":{"line":382,"column":8},"end":{"line":382,"column":67}},"type":"binary-expr","locations":[{"start":{"line":382,"column":8},"end":{"line":382,"column":40}},{"start":{"line":382,"column":40},"end":{"line":382,"column":67}}],"line":382},"21":{"loc":{"start":{"line":385,"column":25},"end":{"line":385,"column":72}},"type":"cond-expr","locations":[{"start":{"line":385,"column":41},"end":{"line":385,"column":59}},{"start":{"line":385,"column":59},"end":{"line":385,"column":72}}],"line":385},"22":{"loc":{"start":{"line":394,"column":6},"end":{"line":396,"column":null}},"type":"if","locations":[{"start":{"line":394,"column":6},"end":{"line":396,"column":null}},{"start":{},"end":{}}],"line":394},"23":{"loc":{"start":{"line":420,"column":4},"end":{"line":420,"column":null}},"type":"if","locations":[{"start":{"line":420,"column":4},"end":{"line":420,"column":null}},{"start":{},"end":{}}],"line":420},"24":{"loc":{"start":{"line":434,"column":4},"end":{"line":436,"column":null}},"type":"if","locations":[{"start":{"line":434,"column":4},"end":{"line":436,"column":null}},{"start":{},"end":{}}],"line":434},"25":{"loc":{"start":{"line":472,"column":4},"end":{"line":472,"column":null}},"type":"default-arg","locations":[{"start":{"line":472,"column":24},"end":{"line":472,"column":null}}],"line":472},"26":{"loc":{"start":{"line":485,"column":6},"end":{"line":485,"column":null}},"type":"binary-expr","locations":[{"start":{"line":485,"column":6},"end":{"line":485,"column":56}},{"start":{"line":485,"column":56},"end":{"line":485,"column":null}}],"line":485},"27":{"loc":{"start":{"line":496,"column":4},"end":{"line":496,"column":null}},"type":"if","locations":[{"start":{"line":496,"column":4},"end":{"line":496,"column":null}},{"start":{},"end":{}}],"line":496},"28":{"loc":{"start":{"line":505,"column":8},"end":{"line":505,"column":null}},"type":"binary-expr","locations":[{"start":{"line":505,"column":8},"end":{"line":505,"column":23}},{"start":{"line":505,"column":23},"end":{"line":505,"column":null}}],"line":505},"29":{"loc":{"start":{"line":509,"column":54},"end":{"line":509,"column":72}},"type":"binary-expr","locations":[{"start":{"line":509,"column":54},"end":{"line":509,"column":69}},{"start":{"line":509,"column":69},"end":{"line":509,"column":72}}],"line":509},"30":{"loc":{"start":{"line":513,"column":8},"end":{"line":513,"column":null}},"type":"binary-expr","locations":[{"start":{"line":513,"column":8},"end":{"line":513,"column":26}},{"start":{"line":513,"column":26},"end":{"line":513,"column":null}}],"line":513},"31":{"loc":{"start":{"line":525,"column":4},"end":{"line":525,"column":null}},"type":"default-arg","locations":[{"start":{"line":525,"column":24},"end":{"line":525,"column":null}}],"line":525},"32":{"loc":{"start":{"line":535,"column":4},"end":{"line":538,"column":null}},"type":"if","locations":[{"start":{"line":535,"column":4},"end":{"line":538,"column":null}},{"start":{},"end":{}}],"line":535},"33":{"loc":{"start":{"line":535,"column":8},"end":{"line":535,"column":43}},"type":"binary-expr","locations":[{"start":{"line":535,"column":8},"end":{"line":535,"column":23}},{"start":{"line":535,"column":23},"end":{"line":535,"column":43}}],"line":535},"34":{"loc":{"start":{"line":555,"column":4},"end":{"line":555,"column":null}},"type":"if","locations":[{"start":{"line":555,"column":4},"end":{"line":555,"column":null}},{"start":{},"end":{}}],"line":555},"35":{"loc":{"start":{"line":556,"column":4},"end":{"line":556,"column":null}},"type":"if","locations":[{"start":{"line":556,"column":4},"end":{"line":556,"column":null}},{"start":{},"end":{}}],"line":556},"36":{"loc":{"start":{"line":557,"column":4},"end":{"line":558,"column":null}},"type":"if","locations":[{"start":{"line":557,"column":4},"end":{"line":558,"column":null}},{"start":{},"end":{}}],"line":557},"37":{"loc":{"start":{"line":558,"column":37},"end":{"line":558,"column":63}},"type":"cond-expr","locations":[{"start":{"line":558,"column":54},"end":{"line":558,"column":61}},{"start":{"line":558,"column":61},"end":{"line":558,"column":63}}],"line":558},"38":{"loc":{"start":{"line":566,"column":19},"end":{"line":566,"column":71}},"type":"cond-expr","locations":[{"start":{"line":566,"column":42},"end":{"line":566,"column":47}},{"start":{"line":566,"column":47},"end":{"line":566,"column":71}}],"line":566},"39":{"loc":{"start":{"line":570,"column":14},"end":{"line":570,"column":null}},"type":"cond-expr","locations":[{"start":{"line":570,"column":33},"end":{"line":570,"column":41}},{"start":{"line":570,"column":41},"end":{"line":570,"column":null}}],"line":570},"40":{"loc":{"start":{"line":571,"column":12},"end":{"line":571,"column":null}},"type":"cond-expr","locations":[{"start":{"line":571,"column":31},"end":{"line":571,"column":43}},{"start":{"line":571,"column":43},"end":{"line":571,"column":null}}],"line":571},"41":{"loc":{"start":{"line":574,"column":11},"end":{"line":574,"column":null}},"type":"cond-expr","locations":[{"start":{"line":574,"column":30},"end":{"line":574,"column":59}},{"start":{"line":574,"column":59},"end":{"line":574,"column":null}}],"line":574}},"s":{"0":9,"1":9,"2":9,"3":2409,"4":627,"5":1584,"6":792,"7":33,"8":198,"9":198,"10":0,"11":33,"12":198,"13":9,"14":9,"15":9,"16":9,"17":9,"18":6,"19":6,"20":0,"21":0,"22":0,"23":6,"24":42,"25":42,"26":3,"27":3,"28":0,"29":33,"30":0,"31":33,"32":33,"33":33,"34":33,"35":33,"36":33,"37":33,"38":33,"39":0,"40":33,"41":33,"42":0,"43":33,"44":33,"45":33,"46":33,"47":33,"48":33,"49":33,"50":33,"51":33,"52":33,"53":33,"54":33,"55":33,"56":33,"57":33,"58":33,"59":33,"60":0,"61":33,"62":0,"63":0,"64":33,"65":33,"66":33,"67":264,"68":0,"69":33,"70":33,"71":264,"72":264,"73":264,"74":264,"75":264,"76":264,"77":0,"78":264,"79":264,"80":495,"81":297,"82":198,"83":198,"84":198,"85":198,"86":198,"87":198,"88":198,"89":198,"90":198,"91":198,"92":264,"93":264,"94":264,"95":198,"96":198,"97":198,"98":198,"99":198,"100":33,"101":33,"102":33,"103":33,"104":33,"105":33,"106":0,"107":33,"108":33,"109":33,"110":99,"111":99,"112":99,"113":99,"114":0,"115":0,"116":99,"117":33,"118":264,"119":264,"120":264,"121":264,"122":0,"123":264,"124":0,"125":264,"126":0,"127":264,"128":264,"129":264,"130":264,"131":264,"132":561,"133":66,"134":1056,"135":2409,"136":627,"137":1584,"138":792,"139":33,"140":198,"141":198,"142":0,"143":33,"144":198},"f":{"0":9,"1":9,"2":6,"3":6,"4":0,"5":0,"6":0,"7":6,"8":42,"9":3,"10":0,"11":33,"12":33,"13":0,"14":33,"15":33,"16":33,"17":33,"18":33,"19":264,"20":495,"21":264,"22":198,"23":33,"24":33,"25":99,"26":33,"27":264,"28":264,"29":561,"30":66,"31":1056,"32":2409,"33":627,"34":1584,"35":792,"36":33,"37":198,"38":198,"39":0,"40":33,"41":198},"b":{"0":[9,3],"1":[0],"2":[3],"3":[33],"4":[0,33],"5":[0,0],"6":[33,0],"7":[33],"8":[33],"9":[33],"10":[33,0],"11":[0,0],"12":[33,0],"13":[33,0],"14":[33,0],"15":[33,0],"16":[33,33],"17":[0,33],"18":[33,33],"19":[0,33],"20":[33,0],"21":[0,0],"22":[0,264],"23":[0,264],"24":[297,198],"25":[198],"26":[33,0],"27":[0,33],"28":[33,0],"29":[33,0],"30":[33,0],"31":[99],"32":[0,99],"33":[99,99],"34":[0,264],"35":[0,264],"36":[0,264],"37":[0,0],"38":[264,0],"39":[264,0],"40":[264,0],"41":[0,264]},"meta":{"lastBranch":42,"lastFunction":42,"lastStatement":145,"seen":{"s:103:28:103:Infinity":0,"s:104:30:104:Infinity":1,"s:105:58:105:Infinity":2,"s:596:16:596:Infinity":3,"s:597:16:597:Infinity":4,"s:599:16:599:Infinity":5,"s:600:16:600:Infinity":6,"s:601:16:601:Infinity":7,"s:603:19:603:Infinity":8,"s:604:19:604:Infinity":9,"s:605:19:605:Infinity":10,"s:607:19:607:Infinity":11,"s:608:20:609:Infinity":12,"f:107:2:107:14":0,"s:108:4:122:Infinity":13,"s:124:4:135:Infinity":14,"s:137:4:146:Infinity":15,"s:148:4:148:Infinity":16,"b:148:16:148:26:148:26:148:31":0,"f:154:2:154:9":1,"s:155:4:155:Infinity":17,"f:173:2:173:9":2,"s:174:4:174:Infinity":18,"f:198:2:198:11":3,"s:199:4:199:Infinity":19,"f:222:2:222:11":4,"s:223:4:223:Infinity":20,"f:227:2:227:7":5,"s:228:4:228:Infinity":21,"f:232:2:232:8":6,"b:232:35:232:56":1,"s:233:4:233:Infinity":22,"f:237:2:237:9":7,"s:238:4:238:Infinity":23,"f:242:2:242:6":8,"s:243:4:243:Infinity":24,"s:244:4:244:Infinity":25,"f:248:2:248:12":9,"b:248:41:248:59":2,"s:249:4:249:Infinity":26,"s:250:4:250:Infinity":27,"f:254:2:254:17":10,"s:255:4:255:Infinity":28,"f:261:2:261:Infinity":11,"b:262:53:262:Infinity":3,"b:264:4:265:Infinity:undefined:undefined:undefined:undefined":4,"s:264:4:265:Infinity":29,"s:265:6:265:Infinity":30,"b:265:36:265:64:265:64:265:68":5,"b:266:4:267:Infinity:undefined:undefined:undefined:undefined":6,"s:266:4:267:Infinity":31,"s:267:6:267:Infinity":32,"s:268:4:268:Infinity":33,"s:270:16:270:Infinity":34,"s:271:4:271:Infinity":35,"s:272:4:272:Infinity":36,"f:308:2:308:Infinity":12,"b:311:32:311:Infinity":7,"b:312:18:312:Infinity":8,"b:313:25:313:Infinity":9,"b:315:4:315:Infinity:undefined:undefined:undefined:undefined":10,"s:315:4:315:Infinity":37,"s:315:19:315:Infinity":38,"s:317:6:317:Infinity":39,"b:317:28:317:41:317:28:317:Infinity":11,"s:318:4:318:Infinity":40,"s:319:4:319:Infinity":41,"f:325:2:325:12":13,"s:326:4:326:Infinity":42,"f:332:10:332:32":14,"s:334:4:334:Infinity":43,"s:336:23:345:Infinity":44,"s:347:4:348:Infinity":45,"s:347:17:347:20":46,"s:348:6:348:Infinity":47,"s:350:4:350:Infinity":48,"s:351:4:351:Infinity":49,"s:352:4:352:Infinity":50,"s:353:4:353:Infinity":51,"s:354:4:354:Infinity":52,"f:358:10:358:23":15,"s:359:19:359:Infinity":53,"s:360:20:360:Infinity":54,"s:362:4:371:Infinity":55,"b:363:27:363:42:363:42:363:45":12,"b:368:30:368:48:368:48:368:51":13,"b:369:27:369:42:369:42:369:45":14,"f:375:10:375:22":16,"s:376:19:376:Infinity":56,"b:378:4:379:Infinity:undefined:undefined:undefined:undefined":15,"s:378:4:379:Infinity":57,"b:378:8:378:40:378:40:378:Infinity":16,"s:379:6:379:Infinity":58,"b:380:4:381:Infinity:undefined:undefined:undefined:undefined":17,"s:380:4:381:Infinity":59,"b:380:8:380:37:380:37:380:Infinity":18,"s:381:6:381:Infinity":60,"b:382:4:386:Infinity:undefined:undefined:undefined:undefined":19,"s:382:4:386:Infinity":61,"b:382:8:382:40:382:40:382:67":20,"s:383:23:383:Infinity":62,"s:384:6:385:Infinity":63,"b:385:41:385:59:385:59:385:72":21,"s:387:4:387:Infinity":64,"f:391:10:391:20":17,"s:392:17:392:Infinity":65,"s:393:4:397:Infinity":66,"b:394:6:396:Infinity:undefined:undefined:undefined:undefined":22,"s:394:6:396:Infinity":67,"s:395:8:395:Infinity":68,"f:401:10:401:23":18,"s:402:16:402:Infinity":69,"s:403:4:407:Infinity":70,"s:404:19:404:Infinity":71,"s:405:24:405:Infinity":72,"s:406:6:406:Infinity":73,"f:411:10:411:20":19,"s:412:27:412:Infinity":74,"s:413:21:418:Infinity":75,"b:420:4:420:Infinity:undefined:undefined:undefined:undefined":23,"s:420:4:420:Infinity":76,"s:420:19:420:Infinity":77,"s:422:22:422:Infinity":78,"s:423:4:425:Infinity":79,"f:432:10:432:22":20,"b:434:4:436:Infinity:undefined:undefined:undefined:undefined":24,"s:434:4:436:Infinity":80,"s:435:6:435:Infinity":81,"s:438:16:438:Infinity":82,"s:440:6:440:Infinity":83,"s:442:14:442:Infinity":84,"s:443:14:443:Infinity":85,"s:444:14:444:Infinity":86,"s:445:14:445:Infinity":87,"s:446:15:449:Infinity":88,"s:451:19:454:Infinity":89,"s:457:4:457:Infinity":90,"s:458:4:458:Infinity":91,"f:462:10:462:17":21,"s:463:16:463:Infinity":92,"s:464:17:464:Infinity":93,"s:465:4:465:Infinity":94,"f:469:10:469:Infinity":22,"b:472:24:472:Infinity":25,"s:474:16:474:Infinity":95,"s:475:17:475:Infinity":96,"s:477:6:477:Infinity":97,"s:478:17:478:Infinity":98,"s:479:4:479:Infinity":99,"f:483:10:483:19":23,"s:485:6:485:Infinity":100,"b:485:6:485:56:485:56:485:Infinity":26,"s:486:16:486:Infinity":101,"s:487:17:487:Infinity":102,"s:488:4:488:Infinity":103,"f:494:10:494:25":24,"s:495:19:495:Infinity":104,"b:496:4:496:Infinity:undefined:undefined:undefined:undefined":27,"s:496:4:496:Infinity":105,"s:496:36:496:Infinity":106,"s:498:4:498:Infinity":107,"s:499:18:499:Infinity":108,"s:501:4:516:Infinity":109,"b:505:8:505:23:505:23:505:Infinity":28,"b:509:54:509:69:509:69:509:72":29,"b:513:8:513:26:513:26:513:Infinity":30,"f:520:10:520:Infinity":25,"b:525:24:525:Infinity":31,"s:527:56:532:Infinity":110,"s:533:20:533:Infinity":111,"s:534:10:534:Infinity":112,"b:535:4:538:Infinity:undefined:undefined:undefined:undefined":32,"s:535:4:538:Infinity":113,"b:535:8:535:23:535:23:535:43":33,"s:536:6:536:Infinity":114,"s:537:6:537:Infinity":115,"s:539:4:539:Infinity":116,"f:545:10:545:22":26,"s:546:4:548:Infinity":117,"s:547:7:547:Infinity":118,"f:552:10:552:21":27,"s:553:19:553:Infinity":119,"s:554:24:554:Infinity":120,"b:555:4:555:Infinity:undefined:undefined:undefined:undefined":34,"s:555:4:555:Infinity":121,"s:555:26:555:Infinity":122,"b:556:4:556:Infinity:undefined:undefined:undefined:undefined":35,"s:556:4:556:Infinity":123,"s:556:38:556:Infinity":124,"b:557:4:558:Infinity:undefined:undefined:undefined:undefined":36,"s:557:4:558:Infinity":125,"s:558:6:558:Infinity":126,"b:558:54:558:61:558:61:558:63":37,"s:559:4:559:Infinity":127,"f:563:10:563:23":28,"s:564:22:564:Infinity":128,"s:565:17:567:Infinity":129,"b:566:42:566:47:566:47:566:71":38,"s:568:16:573:Infinity":130,"b:570:33:570:41:570:41:570:Infinity":39,"b:571:31:571:43:571:43:571:Infinity":40,"s:574:4:574:Infinity":131,"b:574:30:574:59:574:59:574:Infinity":41,"f:580:10:580:16":29,"s:581:4:581:Infinity":132,"f:585:10:585:16":30,"s:586:4:586:Infinity":133,"f:590:10:590:14":31,"s:591:4:591:Infinity":134,"f:596:16:596:17":32,"s:596:40:596:Infinity":135,"f:597:16:597:17":33,"s:597:40:597:Infinity":136,"f:599:16:599:17":34,"s:599:39:599:Infinity":137,"f:600:16:600:17":35,"s:600:39:600:Infinity":138,"f:601:16:601:17":36,"s:601:39:601:Infinity":139,"f:603:19:603:20":37,"s:603:42:603:Infinity":140,"f:604:19:604:20":38,"s:604:42:604:Infinity":141,"f:605:19:605:20":39,"s:605:42:605:Infinity":142,"f:607:19:607:20":40,"s:607:42:607:Infinity":143,"f:608:20:608:21":41,"s:609:4:609:Infinity":144}}}
,"/home/juru/workspace/project/praydo/src/lib/utils/stringUtils.ts": {"path":"/home/juru/workspace/project/praydo/src/lib/utils/stringUtils.ts","statementMap":{"0":{"start":{"line":2,"column":2},"end":{"line":2,"column":null}},"1":{"start":{"line":2,"column":12},"end":{"line":2,"column":null}},"2":{"start":{"line":3,"column":17},"end":{"line":7,"column":null}},"3":{"start":{"line":6,"column":17},"end":{"line":6,"column":28}},"4":{"start":{"line":9,"column":2},"end":{"line":12,"column":null}},"5":{"start":{"line":11,"column":13},"end":{"line":11,"column":null}}},"fnMap":{"0":{"name":"formattedLocation","decl":{"start":{"line":1,"column":16},"end":{"line":1,"column":34}},"loc":{"start":{"line":1,"column":55},"end":{"line":13,"column":null}},"line":1},"1":{"name":"(anonymous_1)","decl":{"start":{"line":6,"column":9},"end":{"line":6,"column":17}},"loc":{"start":{"line":6,"column":17},"end":{"line":6,"column":28}},"line":6},"2":{"name":"(anonymous_2)","decl":{"start":{"line":11,"column":4},"end":{"line":11,"column":5}},"loc":{"start":{"line":11,"column":13},"end":{"line":11,"column":null}},"line":11}},"branchMap":{"0":{"loc":{"start":{"line":2,"column":2},"end":{"line":2,"column":null}},"type":"if","locations":[{"start":{"line":2,"column":2},"end":{"line":2,"column":null}},{"start":{},"end":{}}],"line":2}},"s":{"0":2,"1":0,"2":2,"3":2,"4":2,"5":2},"f":{"0":2,"1":2,"2":2},"b":{"0":[0,2]},"meta":{"lastBranch":1,"lastFunction":3,"lastStatement":6,"seen":{"f:1:16:1:34":0,"b:2:2:2:Infinity:undefined:undefined:undefined:undefined":0,"s:2:2:2:Infinity":0,"s:2:12:2:Infinity":1,"s:3:17:7:Infinity":2,"f:6:9:6:17":1,"s:6:17:6:28":3,"s:9:2:12:Infinity":4,"f:11:4:11:5":2,"s:11:13:11:Infinity":5}}}
}
